<?xml version="1.0" encoding="UTF-8"?>
<!-- Generated by org.testng.reporters.JUnitReportReporter -->
<testsuite hostname="DESKTOP-RL0VKOI" failures="0" tests="1" name="WalmartTest_Testcases.HomepageTest" time="21.407" errors="0" timestamp="18 May 2021 17:51:51 GMT" skipped="0">
  <testcase classname="WalmartTest_Testcases.HomepageTest" name="openflyerpage" time="21.407"/>
</testsuite> <!-- WalmartTest_Testcases.HomepageTest -->
