<?xml version="1.0" encoding="UTF-8"?>
<!-- Generated by org.testng.reporters.JUnitReportReporter -->
<testsuite hostname="DESKTOP-RL0VKOI" failures="0" tests="4" name="WalmartTest_Testcases.OrderHistorypageTest" time="89.182" errors="0" timestamp="13 May 2021 04:07:17 GMT" skipped="0">
  <testcase classname="WalmartTest_Testcases.OrderHistorypageTest" name="verifyorderpagetest" time="23.371"/>
  <testcase classname="WalmartTest_Testcases.OrderHistorypageTest" name="orderbtntest" time="20.655"/>
  <testcase classname="WalmartTest_Testcases.OrderHistorypageTest" name="selectyeartest" time="23.752"/>
  <testcase classname="WalmartTest_Testcases.OrderHistorypageTest" name="gettexttest" time="21.404"/>
</testsuite> <!-- WalmartTest_Testcases.OrderHistorypageTest -->
