<?xml version="1.0" encoding="UTF-8"?>
<!-- Generated by org.testng.reporters.JUnitReportReporter -->
<testsuite hostname="DESKTOP-RL0VKOI" failures="0" tests="3" name="WalmartTest_Testcases.CreateAccountpageTest" time="56.080" errors="0" timestamp="18 May 2021 17:51:51 GMT" skipped="0">
  <testcase classname="WalmartTest_Testcases.CreateAccountpageTest" name="validatecreateaccount" time="17.146"/>
  <testcase classname="WalmartTest_Testcases.CreateAccountpageTest" name="validatecreateaccount" time="19.315"/>
  <testcase classname="WalmartTest_Testcases.CreateAccountpageTest" name="validatecreateaccount" time="19.619"/>
</testsuite> <!-- WalmartTest_Testcases.CreateAccountpageTest -->
