<?xml version="1.0" encoding="UTF-8"?>
<!-- Generated by org.testng.reporters.JUnitReportReporter -->
<testsuite hostname="DESKTOP-RL0VKOI" failures="0" tests="4" name="WalmartTest_Testcases.MyAccountpageTest" time="111.109" errors="0" timestamp="18 May 2021 17:51:51 GMT" skipped="0">
  <testcase classname="WalmartTest_Testcases.MyAccountpageTest" name="validatelogotest" time="31.075"/>
  <testcase classname="WalmartTest_Testcases.MyAccountpageTest" name="validatequicklinktest" time="24.822"/>
  <testcase classname="WalmartTest_Testcases.MyAccountpageTest" name="getbannertexttest" time="32.990"/>
  <testcase classname="WalmartTest_Testcases.MyAccountpageTest" name="verifyshoppingbtn" time="22.222"/>
</testsuite> <!-- WalmartTest_Testcases.MyAccountpageTest -->
