<?xml version="1.0" encoding="UTF-8"?>
<!-- Generated by org.testng.reporters.JUnitReportReporter -->
<testsuite hostname="DESKTOP-RL0VKOI" failures="0" tests="5" name="WalmartTest_Testcases.DealspageTest" time="91.687" errors="0" timestamp="18 May 2021 17:51:51 GMT" skipped="0">
  <testcase classname="WalmartTest_Testcases.DealspageTest" name="validateapplianceslinktest" time="19.469"/>
  <testcase classname="WalmartTest_Testcases.DealspageTest" name="enteremailtest" time="18.178"/>
  <testcase classname="WalmartTest_Testcases.DealspageTest" name="gettitletest" time="17.673"/>
  <testcase classname="WalmartTest_Testcases.DealspageTest" name="validatetoyslinktest" time="18.934"/>
  <testcase classname="WalmartTest_Testcases.DealspageTest" name="gethdealstexttest" time="17.433"/>
</testsuite> <!-- WalmartTest_Testcases.DealspageTest -->
